<?xml version="1.0" encoding="UTF-8"?>
<testsuite errors="0" failures="0" hostname="tuatara-2.local" name="com.wakaleo.gameoflife.domain.WhenYouPrintAGrid"
           tests="3" time="0.0050" timestamp="2010-12-04T19:14:28">
    <properties/>
    <testcase classname="com.wakaleo.gameoflife.domain.WhenYouPrintAGrid"
              name="shouldBeAbleToReadAGridOfCellsFromAString" time="0.0"/>
    <testcase classname="com.wakaleo.gameoflife.domain.WhenYouPrintAGrid"
              name="shouldBeAbleToReadAStringGridContainingLiveAndDeadCells" time="0.0"/>
    <testcase classname="com.wakaleo.gameoflife.domain.WhenYouPrintAGrid"
              name="shouldBeAbleToReadALargeStringGridContainingLiveAndDeadCells" time="0.0"/>
    <system-out><![CDATA[]]></system-out>
    <system-err><![CDATA[]]></system-err>
</testsuite>
