<?xml version="1.0" encoding="UTF-8"?>
<testsuite errors="0" failures="0" hostname="tuatara-2.local" name="com.wakaleo.gameoflife.domain.WhenYouCreateACell"
           tests="6" time="0.119" timestamp="2010-12-04T19:14:28">
    <properties/>
    <testcase classname="com.wakaleo.gameoflife.domain.WhenYouCreateACell"
              name="aLiveCellShouldBeRepresentedByAnAsterisk" time="0.0090"/>
    <testcase classname="com.wakaleo.gameoflife.domain.WhenYouCreateACell" name="aDeadCellShouldBeRepresentedByADot"
              time="0.0"/>
    <testcase classname="com.wakaleo.gameoflife.domain.WhenYouCreateACell" name="aLiveCellShouldBePrintedAsAnAsterisk"
              time="0.0"/>
    <testcase classname="com.wakaleo.gameoflife.domain.WhenYouCreateACell" name="aDeadCellShouldBePrintedAsADot"
              time="0.0"/>
    <testcase classname="com.wakaleo.gameoflife.domain.WhenYouCreateACell" name="aDeadCellSymbolShouldBeADot"
              time="0.0"/>
    <testcase classname="com.wakaleo.gameoflife.domain.WhenYouCreateACell" name="aLiveCellSymbolShouldBeAnAsterisk"
              time="0.0"/>
    <system-out><![CDATA[]]></system-out>
    <system-err><![CDATA[]]></system-err>
</testsuite>
