<?xml version="1.0" encoding="UTF-8"?>
<testsuite errors="0" failures="0" hostname="tuatara-2.local"
           name="com.wakaleo.gameoflife.domain.WhenYouPlayTheGameOfLife" tests="4" time="0.014"
           timestamp="2010-12-04T19:14:28">
    <properties/>
    <testcase classname="com.wakaleo.gameoflife.domain.WhenYouPlayTheGameOfLife"
              name="aDeadCellWithNoNeighboursShouldRemainDeadInTheNextGeneration" time="0.0010"/>
    <testcase classname="com.wakaleo.gameoflife.domain.WhenYouPlayTheGameOfLife"
              name="aDeadCellWithOneLiveNeighbourShouldRemainDeadInTheNextGeneration" time="0.0010"/>
    <testcase classname="com.wakaleo.gameoflife.domain.WhenYouPlayTheGameOfLife"
              name="liveCellaWith2or3iveNeighbourShouldRemainAliveInTheNextGeneration" time="0.0"/>
    <testcase classname="com.wakaleo.gameoflife.domain.WhenYouPlayTheGameOfLife"
              name="aLiveCellWithExactlyTwoLiveNeighbourShouldRemainAliveInTheNextGeneration" time="0.0070"/>
    <system-out><![CDATA[]]></system-out>
    <system-err><![CDATA[]]></system-err>
</testsuite>
