<?xml version="1.0" encoding="UTF-8"?>
<testsuite errors="0" failures="0" hostname="tuatara-2.local" name="com.wakaleo.gameoflife.domain.WhenYouCreateAGrid"
           tests="16" time="0.035" timestamp="2010-12-04T19:14:28">
    <properties/>
    <testcase classname="com.wakaleo.gameoflife.domain.WhenYouCreateAGrid" name="aNewGridShouldBeEmpty" time="0.0020"/>
    <testcase classname="com.wakaleo.gameoflife.domain.WhenYouCreateAGrid" name="shouldBeAbleToSeedAGridWithAString"
              time="0.0010"/>
    <testcase classname="com.wakaleo.gameoflife.domain.WhenYouCreateAGrid"
              name="shouldBeAbleToSeedAGridWithANonEmptyString" time="0.0"/>
    <testcase classname="com.wakaleo.gameoflife.domain.WhenYouCreateAGrid"
              name="shouldBeAbleToCountLiveNeighboursOfACell" time="0.0010"/>
    <testcase classname="com.wakaleo.gameoflife.domain.WhenYouCreateAGrid"
              name="shouldBeAbleToCountLiveNeighboursOfACellOnBoundaries" time="0.0"/>
    <testcase classname="com.wakaleo.gameoflife.domain.WhenYouCreateAGrid"
              name="shouldBeAbleToCountLiveNeighboursOfACellInTheMiddleOfTheGrid" time="0.0010"/>
    <testcase classname="com.wakaleo.gameoflife.domain.WhenYouCreateAGrid"
              name="shouldBeAbleToCountLiveNeighboursOfACellOnAnotherLine" time="0.0"/>
    <testcase classname="com.wakaleo.gameoflife.domain.WhenYouCreateAGrid"
              name="shouldBeAbleToCountLiveNeighboursOfACellOnDiagonalsAndStraightLines" time="0.0"/>
    <testcase classname="com.wakaleo.gameoflife.domain.WhenYouCreateAGrid"
              name="shouldNotCountTheTargetCellAsANeighbour" time="0.0"/>
    <testcase classname="com.wakaleo.gameoflife.domain.WhenYouCreateAGrid"
              name="shouldBeAbleToReadTheStateOfALivingCell" time="0.0"/>
    <testcase classname="com.wakaleo.gameoflife.domain.WhenYouCreateAGrid" name="shouldBeAbleToReadTheStateOfADeadCell"
              time="0.0"/>
    <testcase classname="com.wakaleo.gameoflife.domain.WhenYouCreateAGrid" name="shouldBeAbleToReadTheWidthOfTheGrid"
              time="0.0010"/>
    <testcase classname="com.wakaleo.gameoflife.domain.WhenYouCreateAGrid" name="shouldBeAbleToReadTheHeightOfTheGrid"
              time="0.0"/>
    <testcase classname="com.wakaleo.gameoflife.domain.WhenYouCreateAGrid"
              name="shouldBeAbleToObtainTheGridContentsAsAnArray" time="0.0010"/>
    <testcase classname="com.wakaleo.gameoflife.domain.WhenYouCreateAGrid"
              name="theGridContentsAsAnArrayShouldBeTheCorrectSize" time="0.0"/>
    <testcase classname="com.wakaleo.gameoflife.domain.WhenYouCreateAGrid"
              name="ModifyingTheGridContentsAsAnArrayShouldNotModifyTheOriginalContents" time="0.0"/>
    <system-out><![CDATA[]]></system-out>
    <system-err><![CDATA[]]></system-err>
</testsuite>
